SystemC Simulation

Info: cfg_ip: @0 s, Setting up sim_ip.paramB's preset value to 10 

Info: sim_ip: @0 s, Parameter construction complete.
[PTRK @ 0 s] Tracking sim_ip.paramA
  handle originator: sc_main
  description: mutable param without preset value
  value: 1; is default
  value origin: sim_ip
[PTRK @ 0 s] Tracking sim_ip.paramB
  handle originator: sc_main
  description: mutable param with preset value
  value: 10; is preset
  value origin: cfg_ip
[PTRK @ 0 s] Tracking sim_ip.paramC
  handle originator: sc_main
  description: mutable locked param
  value: 3; locked; is default
  value origin: sim_ip
[PTRK @ 0 s] Tracking sim_ip.paramD
  handle originator: sc_main
  description: immutable param
  value: 4; is default
  value origin: sim_ip

Info: sc_main: Begin Simulation.

Info: cfg_ip: @10 ns, Updating mutable parameters.
[PTRK @ 10 ns] sim_ip.paramA value updated:
  value: 100
  value origin: cfg_ip
[PTRK @ 10 ns] sim_ip.paramB value updated:
  value: 200

Info: sim_ip: @20 ns, Resetting parameters.
[PTRK @ 20 ns] sim_ip.paramA value updated:
  value: 1; is default
  value origin: sim_ip
[PTRK @ 20 ns] sim_ip.paramB value updated:
  value: 10; is preset
[PTRK @ 20 ns] sim_ip.paramD value updated:
  value: 4; is default

Info: cfg_ip: @30 ns, Updating preset values.

Info: sim_ip: @40 ns, Resetting parameters.
[PTRK @ 40 ns] sim_ip.paramA value updated:
  value: 1000; is preset
  value origin: cfg_ip
[PTRK @ 40 ns] sim_ip.paramB value updated:
  value: 2000; is preset
[PTRK @ 40 ns] sim_ip.paramD value updated:
  value: 4000; is preset
  value origin: cfg_ip

Info: sim_ip: @50 ns, Unlocking and resetting paramC.
[PTRK @ 50 ns] sim_ip.paramC value updated:
  value: 3000; is preset
  value origin: cfg_ip

Info: sc_main: End Simulation.
