Created new broker "DEFAULT_BROKER_UNKNOWN_ORIGINATOR" and GCnf_Api "DEFAULT_BROKER_UNKNOWN_ORIGINATOR_0"

Info: sim_ip: read_config_callback: pre_read: sim_ip.param_1 (1)

Info: sim_ip: @0 s, @Ctor: Value of sim_ip.param_1 is 1 (Default value Specified: 1)

Info: sim_ip: read_config_callback: pre_read: sim_ip.param_2 (2)

Info: sim_ip: @0 s, @Ctor: Value of sim_ip.param_2 is 2 (Default value Specified: 2)

Info: sc_main: Begin Simulation.

Info: cfg_ip: @0 s, config_ip::end_of_elaboration: [EXTERNAL] Set value of sim_ip.param_1 to 10

Info: sim_ip: read_config_callback: pre_read: sim_ip.param_1 (1)

Info: sim_ip: @0 s, write_config_callback: pre_write: sim_ip.param_1 (1)

Info: sim_ip: @0 s, write_config_callback: post_write: sim_ip.param_1

Info: sim_ip: read_config_callback: pre_read: sim_ip.param_1 (10)

Info: cfg_ip: @0 s, config_ip::end_of_elaboration: [EXTERNAL] Current value of sim_ip.param_1 is 10

Info: cfg_ip: @0 s, config_ip::end_of_elaboration: [EXTERNAL] Set value of sim_ip.param_2 to 20

Info: sim_ip: read_config_callback: pre_read: sim_ip.param_2 (2)

Info: sim_ip: @0 s, write_config_callback: reject_write: Rejecting Value change on sim_ip.param_2 (2)

Warning: cfg_ip: @0 s, Caught exception: Error: /OSCI/CCI/set_param_failed: Value rejected by callback.
In file: /vobs/ti_systemc/tools/cci/greenstarcore_rev613/gs_param_implementation/gs_cci_param_t.h:135
In file: ../inc/config_ip.h:80

Info: sim_ip: read_config_callback: pre_read: sim_ip.param_2 (2)

Info: cfg_ip: @0 s, config_ip::end_of_elaboration: [EXTERNAL] Current value of sim_ip.param_2 is 2

Info: sc_main: End Simulation.

Info: sim_ip: read_config_callback: pre_read: sim_ip.param_1 (10)

Info: sim_ip: @Dtor: Value of sim_ip.param_1 is 10

Info: sim_ip: read_config_callback: pre_read: sim_ip.param_2 (2)

Info: sim_ip: @Dtor: Value of sim_ip.param_2 is 2
