
	[OWNER C_TOR] : Parameter locking status : 0	Value : 0

@ 0 s
	[OWNER] : Locking the parameter without password
	[OWNER] : Parameter locking status : 1	Value : 0
	[OWNER] : Try to set parameter value to 1 from 0
	[OWNER] : param_owner	Failed to set parameter value to 1 from 0.
	[OWNER] : Caught Exception : Error: /OSCI/CCI/set_param_failed: Parameter locked.
In file: /home/pvs/MyInstallations/greenstarcore/greenstarcore_rev_622/gs_param_implementation/gs_cci_param_t.h:129
In process: param_owner.run_owner @ 0 s
	[OWNER] : Parameter locking status : 1	Value : 0

@ 2 ns
	[CFGR] : Parameter locking status : 1	Value : 0
	[CFGR] :  Cannot assign new value to the parameter as it is already locked!!
	[CFGR] : Parameter locking status : 1	Value : 0

@ 5 ns
	[OWNER] : Unlocking parameter (locked earlier) without password
	[OWNER] : Parameter locking status : 0	Value : 0

@ 7 ns
	[CFGR] : Parameter locking status : 0	Value : 0
	[CFGR] : Parameter is not locked!! Assign a new value '3' to it
	[CFGR] : Parameter locking status : 0	Value : 3

	[CFGR] : Lock parameter without password
	[CFGR] : Parameter locking status : 1	Value : 3

	[CFGR] : Unlock parameter without password
	[CFGR] : Parameter locking status : 0	Value : 3

	[CFGR] : Lock with password
	[CFGR] : Parameter locked with password (password not known to OWNER)
	[CFGR] : Parameter locking status : 1	Value : 3
	[CFGR] : Set parameter value to '4'

Info: /GreenSocs/GreenControl/GreenConfig/param_owner.mutable_int_param: parameter is locked!
	[CFGR] : Caught Exception : Error: /OSCI/CCI/set_param_failed: String conversion failed.
In file: /home/pvs/MyInstallations/greenstarcore/greenstarcore_rev_622/gs_param_implementation/gs_cci_param.h:111
In process: param_cfgr.run_mutable_cfgr @ 7 ns
	[CFGR] : Parameter locking status : 1	Value : 3

	[CFGR] : Now, unlock with the correct password
	[CFGR] : Parameter locking status : 0	Value : 3

@ 10 ns
	[OWNER] : Parameter locking status : 0	Value : 3

	[OWNER] : Directly lock the unlocked parameter with password
	[OWNER] : Parameter locking status : 1	Value : 3

	[OWNER] : Overwrite value of the (locked!) parameter to 4 without unlocking
	[OWNER] : Parameter locking status : 1	Value : 4
