SystemC Simulation
Function cci_param_user_data_type::get_name Called 
Return Name = mutable_udtype_param
Function cci_param_user_data_type::get_cci_value Called 
Function cci_param_user_data_type::get_name Called 
Return Name = mutable_udtype_param

Info: param_owner: @0 s, [OWNER C_TOR] : Default Value : 5

Info: param_owner: @0 s, [OWNER C_TOR] : Default Value udtype_param : 
	[PARAM IMPL] : Source Address : 256	Destination Address : 512	Index : 1

Info: param_setter: @0 s, [CFGR C_TOR] : Parameter param_owner.mutable_int_param exists

Info: param_setter: @0 s, [CFGR C_TOR] : Parameter param_owner.mutable_udtype_param doesn't exists.

Info: param_setter: @0 s, Try Again with mutable_udtype_param 

Info: param_setter: @0 s, Got Now with mutable_udtype_param

Info: param_setter: @0 s, [CFGR C_TOR] : Set parameter value to 10 using cci_base_parameter

Info: param_owner: @0 s, @ 0 s

Info: param_owner: @0 s, [OWNER] : Parameter Value : 10

Info: param_owner: @5 ns, @ 5 ns

Info: param_owner: @5 ns, [OWNER] : Set parameter value to 15.

Info: param_setter: @10 ns, @ 10 ns

Info: param_setter: @10 ns, [CFGR] : Parameter Value   : 15

Info: param_setter: @15 ns, @ 15 ns

Info: param_setter: @15 ns, [CFGR] : Change value to 20

Info: param_owner: @20 ns, @ 20 ns

Info: param_owner: @20 ns, [OWNER] : Parameter Value   : 20
