
Info: sc_main: [MAIN] : Setting initial value 's_address:256,d_address:512,index:0' to UDT

Info: param_owner: @0 s, Prior to 0 s	demonstrating 'get_default_value()'

Info: param_owner: @0 s, [OWNER -> Retrieve] : Parameter name  : param_owner.User_data_type_param

Info: param_owner: @0 s, [OWNER -> Retrieve] : Using 'get_default_value()' : {"s_address":512,"d_address":768,"index":1}

Info: param_owner: @0 s, [OWNER -> Retrieve] : Parameter Value' : {"s_address":256,"d_address":512,"index":0}

Info: param_owner: @0 s, [OWNER -> Set] : Param doc - 'This is user-defined data type

Info: param_cfgr: @0 s, [CFGR C_TOR] : Broker Type : DEFAULT_BROKER - is not a private broker.

	[OBSERVER C_TOR] : Broker Type : DEFAULT_BROKER - is not a private broker.

Info: param_owner: @0 s, @ 0 s

Info: param_owner: @0 s, [OWNER -> Retrieve] : Documentation : This is user-defined data type

Info: param_owner: @0 s, [OWNER -> Set] : New Value param_owner.User_data_type_param	's_address:768,d_address:1024,index:2'

	[OBSERVER pre_write_cb] :  Parameter Name : param_owner.User_data_type_param	Originator info : owning_param

	[OBSERVER post_write_cb] :  Parameter Name : param_owner.User_data_type_param	Originator info : owning_param

Info: param_owner: @2 ns, @ 2 ns

	[OBSERVER pre_read_cb] :  Parameter Name : param_owner.User_data_type_param	Originator info : owning_param

Info: param_owner: @2 ns, [OWNER -> Retrieve] : UDT Value : {"s_address":768,"d_address":1024,"index":2}

Info: param_cfgr: @4 ns, @ 4 ns

Info: param_cfgr: @4 ns, [CFGR -> Retrieve] : Parameter name : param_owner.User_data_type_param

	[OBSERVER pre_read_cb] :  Parameter Name : param_owner.User_data_type_param	Originator info : param_cfgr

Info: param_cfgr: @4 ns, [CFGR -> Retrieve] : Parameter value: {"s_address":768,"d_address":1024,"index":2}

Info: param_cfgr: @4 ns, [CFGR -> Retrieve] : Parameter doc: This is user-defined data type

Info: param_cfgr: @6 ns, @ 6 ns

Info: param_cfgr: @6 ns, [CFGR -> Set] : Value - 's_address:1024,d_address:1280,index:3

	[OBSERVER pre_write_cb] :  Parameter Name : param_owner.User_data_type_param	Originator info : param_cfgr

	[OBSERVER post_write_cb] :  Parameter Name : param_owner.User_data_type_param	Originator info : param_cfgr

Info: param_cfgr: @8 ns, @ 8 ns

Info: param_cfgr: @8 ns, [CFGR -> Retrieve] : Parameter name : param_owner.User_data_type_param

	[OBSERVER pre_read_cb] :  Parameter Name : param_owner.User_data_type_param	Originator info : param_cfgr

Info: param_cfgr: @8 ns, [CFGR -> Retrieve] : Parameter value: {"s_address":1024,"d_address":1280,"index":3}

Info: param_owner: @10 ns, @ 10 ns demonstrating 'set_value_invalid()'

Info: param_owner: @10 ns, [OWNER -> Set] : param_owner.User_data_type_param value invalid.

	[OBSERVER pre_read_cb] :  Parameter Name : param_owner.User_data_type_param	Originator info : owning_param

Info: param_owner: @10 ns, OWNER] : param_owner.User_data_type_param value is invalid : {"s_address":1024,"d_address":1280,"index":3}

Info: param_owner: @10 ns, [OWNER] : Is Invalid Value ? 	Returned status : true
