SystemC Simulation

Info: param_owner: @0 s, [OWNER C_TOR] : Parameter locking status : 0	Value : 0

Info: param_owner: @0 s, @ 0 s

Info: param_owner: @0 s, [OWNER] : Locking the parameter without password

Info: param_owner: @0 s, [OWNER] : Parameter locking status : 1	Value : 0

Info: param_owner: @0 s, [OWNER] : Try to set parameter value to 1 from 0

Info: param_owner: @0 s, [OWNER] : param_owner	Failed to set parameter value to 1 from 0.

Info: param_owner: @0 s, [OWNER] : Caught Exception : Error: /Accellera/CCI/SET_PARAM_FAILED: Parameter locked.
In file: <removed by verify.pl>
In process: param_owner.run_owner @ 0 s

Info: param_owner: @0 s, [OWNER] : Parameter locking status : 1	Value : 0

Info: param_cfgr: @2 ns, @ 2 ns

Info: param_cfgr: @2 ns, [CFGR] : Parameter locking status : 1	Value : 0

Info: param_cfgr: @2 ns, [CFGR] :  Cannot assign new value to the parameter as it is already locked!!

Info: param_cfgr: @2 ns, [CFGR] : Parameter locking status : 1	Value : 0

Info: param_owner: @5 ns, @ 5 ns

Info: param_owner: @5 ns, [OWNER] : Unlocking parameter (locked earlier) without password

Info: param_owner: @5 ns, [OWNER] : Parameter locking status : 0	Value : 0

Info: param_cfgr: @7 ns, @ 7 ns

Info: param_cfgr: @7 ns, [CFGR] : Parameter locking status : 0	Value : 0

Info: param_cfgr: @7 ns, [CFGR] : Parameter is not locked!! Assign a new value '3' to it

Info: param_cfgr: @7 ns, [CFGR] : Parameter locking status : 0	Value : 3

Info: param_cfgr: @7 ns, [CFGR] : Lock parameter without password

Info: param_cfgr: @7 ns, [CFGR] : Parameter locking status : 1	Value : 3

Info: param_cfgr: @7 ns, [CFGR] : Unlock parameter without password

Info: param_cfgr: @7 ns, [CFGR] : Parameter locking status : 0	Value : 3

Info: param_cfgr: @7 ns, [CFGR] : Lock with password

Info: param_cfgr: @7 ns, [CFGR] : Parameter locked with password (password not known to OWNER)

Info: param_cfgr: @7 ns, [CFGR] : Parameter locking status : 1	Value : 3

Info: param_cfgr: @7 ns, [CFGR] : Set parameter value to '4'

Info: param_cfgr: @7 ns, [CFGR] : Caught Exception : Error: /Accellera/CCI/SET_PARAM_FAILED: Parameter locked.
In file: <removed by verify.pl>
In process: param_cfgr.run_mutable_cfgr @ 7 ns

Info: param_cfgr: @7 ns, [CFGR] : Parameter locking status : 1	Value : 3

Info: param_cfgr: @7 ns, [CFGR] : Now, unlock with the correct password

Info: param_cfgr: @7 ns, [CFGR] : Parameter locking status : 0	Value : 3

Info: param_owner: @10 ns, @ 10 ns

Info: param_owner: @10 ns, [OWNER] : Parameter locking status : 0	Value : 3

Info: param_owner: @10 ns, [OWNER] : Directly lock the unlocked parameter with password

Info: param_owner: @10 ns, [OWNER] : Parameter locking status : 1	Value : 3

Info: param_owner: @10 ns, [OWNER] : Overwrite value of the (locked!) parameter to 4 without unlocking

Info: param_owner: @10 ns, [OWNER] : Parameter locking status : 1	Value : 4
