SystemC Simulation

Info: sc_main: [MAIN] : In this example, the following is condition is verified

Info: sc_main: [MAIN] :         x <= 2^n - 1

Info: sc_main: [MAIN] : where, 'x' : value of 'mem_block_size' (Memory Block size), and

Info: sc_main: [MAIN] :        'n' : total number of address lines - 'curr_addr_lines'

Info: processor.addr_lines_mod: @0 s, [ADDR_LINES_REG C_TOR] : Default Address Lines : 9

Info: processor.memory_block: @0 s, [MEMORY_BLOCK C_TOR] : Default Memory Size : 500


Info: processor: @0 s, [PROCESSOR fn] : User may proceed with the present configuration

Info: param_cfgr: @0 s, @ 0 s

Info: param_cfgr: @0 s, [CFGR] : Changing the 'mem_size' to 640

Info: processor: @0 s, [PROCESSOR mem_block_post_wr_cb] : Parameter Name : processor.memory_block.mem_size  Parameter Value : 640

Info: processor: @0 s, [PROCESSOR mem_block_post_wr_cb] : Parameter Name : processor.addr_lines_mod.curr_addr_lines Parameter Value : 9

Info: processor: @0 s, [PROCESSOR fn] : The address lines cannot address the current memory size

Info: param_cfgr: @5 ns, @ 5 ns

Info: param_cfgr: @5 ns, [CFGR] : Modify the 'curr_addr_lines' to 10

Info: processor: @5 ns, [PROCESSOR addr_lines_post_wr_cb] : Parameter Name : processor.addr_lines_mod.curr_addr_lines   Parameter Value : 10

Info: processor: @5 ns, [PROCESSOR addr_lines_post_wr_cb] : Parameter Name : processor.memory_block.mem_size    Parameter Value : 640

Info: processor: @5 ns, [PROCESSOR fn] : The number of address lines can now address the current memory size

Info: param_cfgr: @10 ns, @ 10 ns

Info: param_cfgr: @10 ns, [CFGR] : Changing the 'mem_size' to 800

Info: processor: @10 ns, [PROCESSOR mem_block_post_wr_cb] : Parameter Name : processor.memory_block.mem_size    Parameter Value : 800

Info: processor: @10 ns, [PROCESSOR mem_block_post_wr_cb] : Parameter Name : processor.addr_lines_mod.curr_addr_lines   Parameter Value : 10

Info: processor: @10 ns, [PROCESSOR fn] : User may proceed with the present configuration
