
Warning: ConfigDatabase: addParam: Parameter 'sim_ip.int_param_ip' is already existing (explicit)!
In file: <removed by verify.pl>

Warning: DEFAULT_BROKER_0: addParam failed!
In file: <removed by verify.pl>

Info: sim_ip: @0 s, Ctor: Default value of sim_ip.int_param_ip is 1

Info: sim_ip: @0 s, Ctor: Default value of sim_ip.int_param_ip is 2

Info: sim_ip: @0 s, Ctor: Default value of int_param_top is 3

Info: sim_ip: @0 s, Ctor: Default value of top.sub.int_param_custom is 4

Info: sc_main: Begin Simulation.

Info: sim_ip: @10 ns, execute: Current value of sim_ip.int_param_ip is 1

Info: sim_ip: @10 ns, execute: Current value of sim_ip.int_param_ip is 2

Info: sim_ip: @10 ns, execute: Current value of int_param_top is 3

Info: sim_ip: @10 ns, execute: Current value of top.sub.int_param_custom is 4

Info: sim_ip: @10 ns, execute: Set int_param_ip = 10

Info: sim_ip: @10 ns, execute: Set int_param_ip_dup = 20

Info: sim_ip: @10 ns, execute: Set int_param_top = 30

Info: sim_ip: @10 ns, execute: Set int_param_custom = 40

Info: sim_ip: @10 ns, execute: Current value of sim_ip.int_param_ip is 10

Info: sim_ip: @10 ns, execute: Current value of sim_ip.int_param_ip is 20

Info: sim_ip: @10 ns, execute: Current value of int_param_top is 30

Info: sim_ip: @10 ns, execute: Current value of top.sub.int_param_custom is 40

Info: cfg_ip: @20 ns, execute: [EXTERNAL] Current value of sim_ip.int_param_ip is 10

Info: cfg_ip: @20 ns, execute: [EXTERNAL] Set value of sim_ip.int_param_ip to 50

Info: cfg_ip: @20 ns, execute: [EXTERNAL] Current value of sim_ip.int_param_ip is 50

Info: cfg_ip: @20 ns, execute: [EXTERNAL] Current value of int_param_top is 30

Info: cfg_ip: @20 ns, execute: [EXTERNAL] Set value of int_param_top to 50

Info: cfg_ip: @20 ns, execute: [EXTERNAL] Current value of int_param_top is 50

Info: cfg_ip: @20 ns, execute: [EXTERNAL] Current value of top.sub.int_param_custom is 40

Info: cfg_ip: @20 ns, execute: [EXTERNAL] Set value of top.sub.int_param_custom to 50

Info: cfg_ip: @20 ns, execute: [EXTERNAL] Current value of top.sub.int_param_custom is 50

Info: sc_main: End Simulation.

Info: sim_ip: Dtor: Current value of sim_ip.int_param_ip is 50

Info: sim_ip: Dtor: Current value of sim_ip.int_param_ip is 20

Info: sim_ip: Dtor: Current value of int_param_top is 50

Info: sim_ip: Dtor: Current value of top.sub.int_param_custom is 50
